‚ö†Ô∏è  No virtualenv detected. Creating .venv...
‚úÖ Activated virtualenv at .venv
üì¶ Installing host-side dependencies...

[notice] A new release of pip is available: 24.0 -> 25.3
[notice] To update, run: pip install --upgrade pip
üöÄ Delegating to install.sh...
üöÄ Starting Image Tagger v3 (v3.4.74_vlm_lab_notebook_TL_runbook)
üß¨ Running structural hollow-repo guard
[hollow_repo_guard] OK: structure looks non-hollow.
üß™ Running program integrity guard
[program_integrity_guard] OK: no dangerous ellipses or uncontrolled stubs.
üßØ Running syntax guard
[syntax_guard] OK: all critical python files parse cleanly and contain no truncations.
ü™ù Running critical import guard
[critical_import_guard] WARNINGS:
  backend.science.pipeline: missing third-party dependency: numpy
  backend.main: missing third-party dependency: fastapi
[critical_import_guard] OK: critical modules import cleanly.
üß™ Running canon guard
[canon_guard] OK: registry keys covered by compute or stubs.
üîí Running Guardian (governance) checks
[guardian] Verification PASSED.
‚ö†Ô∏è  WARNING: API_SECRET is using the default value 'dev_secret_key_change_me'.
    This is fine for local demos, but you MUST change it for any shared or deployed environment.
üê≥ Building containers
time="2025-12-01T15:57:40-08:00" level=warning msg="/Users/taggertsmith/Desktop/Image_Tagger_3.4.74_handoff_bundle_full/Image_Tagger_3.4.74_vlm_lab_TL_runbook_full/deploy/docker-compose.yml: the attribute `version` is obsolete, it will be ignored, please remove it to avoid potential confusion"
#1 [internal] load local bake definitions
#1 reading from stdin 1.29kB done
#1 DONE 0.0s

#2 [frontend internal] load build definition from Dockerfile.frontend
#2 transferring dockerfile: 1.26kB done
#2 WARN: FromAsCasing: 'as' and 'FROM' keywords' casing do not match (line 2)
#2 DONE 0.0s

#3 [api internal] load build definition from Dockerfile.backend
#3 transferring dockerfile: 1.28kB done
#3 DONE 0.0s

#4 [frontend internal] load metadata for docker.io/library/node:18-alpine
#4 DONE 0.9s

#5 [frontend internal] load metadata for docker.io/library/nginx:alpine
#5 DONE 1.0s

#6 [api internal] load metadata for docker.io/library/python:3.11-slim
#6 DONE 0.9s

#7 [frontend internal] load .dockerignore
#7 transferring context: 2B done
#7 DONE 0.0s

#8 [api 1/7] FROM docker.io/library/python:3.11-slim@sha256:193fdd0bbcb3d2ae612bd6cc3548d2f7c78d65b549fcaa8af75624c47474444d
#8 resolve docker.io/library/python:3.11-slim@sha256:193fdd0bbcb3d2ae612bd6cc3548d2f7c78d65b549fcaa8af75624c47474444d 0.0s done
#8 DONE 0.0s

#9 [api internal] load build context
#9 transferring context: 7.03kB 0.0s done
#9 DONE 0.0s

#10 [api 4/7] RUN pip install --no-cache-dir     fastapi==0.109.0     uvicorn==0.27.0     sqlalchemy==2.0.25     psycopg2-binary==2.9.9     pydantic==2.6.1     pydantic-settings==2.1.0     python-jose[cryptography]==3.3.0     passlib[bcrypt]==1.7.4     python-multipart==0.0.7     pillow==10.2.0     numpy==1.26.3     opencv-python-headless==4.9.0.80     scipy==1.11.4     scikit-image==0.22.0     requests==2.31.0     PyYAML==6.0.1     pytest==7.4.4     httpx==0.26.0     openai==1.12.0     anthropic==0.33.0     google-generativeai==0.8.3     google-genai==0.1.0
#10 CACHED

#11 [api 5/7] COPY backend /app/backend
#11 CACHED

#12 [api 6/7] COPY scripts /app/scripts
#12 CACHED

#13 [api 2/7] WORKDIR /app
#13 CACHED

#14 [api 3/7] RUN apt-get update && apt-get install -y     libgl1     libglib2.0-0     libpq-dev     gcc     && rm -rf /var/lib/apt/lists/*
#14 CACHED

#15 [api 7/7] COPY tests /app/tests
#15 CACHED

#16 [frontend internal] load build context
#16 DONE 0.0s

#17 [frontend stage-1 1/7] FROM docker.io/library/nginx:alpine@sha256:b3c656d55d7ad751196f21b7fd2e8d4da9cb430e32f646adcf92441b72f82b14
#17 resolve docker.io/library/nginx:alpine@sha256:b3c656d55d7ad751196f21b7fd2e8d4da9cb430e32f646adcf92441b72f82b14 0.0s done
#17 DONE 0.0s

#18 [frontend builder  1/11] FROM docker.io/library/node:18-alpine@sha256:8d6421d663b4c28fd3ebc498332f249011d118945588d0a35cb9bc4b8ca09d9e
#18 resolve docker.io/library/node:18-alpine@sha256:8d6421d663b4c28fd3ebc498332f249011d118945588d0a35cb9bc4b8ca09d9e 0.0s done
#18 DONE 0.0s

#16 [frontend internal] load build context
#16 transferring context: 2.55kB 0.0s done
#16 DONE 0.0s

#19 [frontend stage-1 5/7] COPY --from=builder /app/dist/admin /usr/share/nginx/html/admin
#19 CACHED

#20 [frontend builder  5/11] COPY frontend/shared ./shared
#20 CACHED

#21 [frontend builder 11/11] RUN npm run build
#21 CACHED

#22 [frontend builder  6/11] COPY frontend/vite.config.base.js ./
#22 CACHED

#23 [frontend stage-1 4/7] COPY --from=builder /app/dist/monitor /usr/share/nginx/html/monitor
#23 CACHED

#24 [frontend stage-1 3/7] COPY --from=builder /app/dist/workbench /usr/share/nginx/html/workbench
#24 CACHED

#25 [frontend builder 10/11] RUN npm install
#25 CACHED

#26 [frontend builder  7/11] COPY frontend/tailwind.config.js ./
#26 CACHED

#27 [frontend builder  2/11] WORKDIR /app
#27 CACHED

#28 [frontend stage-1 6/7] COPY --from=builder /app/dist/explorer /usr/share/nginx/html/explorer
#28 CACHED

#29 [frontend builder  4/11] COPY frontend/apps ./apps
#29 CACHED

#30 [frontend builder  8/11] COPY frontend/postcss.config.js ./
#30 CACHED

#31 [frontend stage-1 2/7] RUN rm -rf /usr/share/nginx/html/*
#31 CACHED

#32 [frontend builder  9/11] COPY frontend/index.css ./
#32 CACHED

#33 [frontend builder  3/11] COPY frontend/package.json frontend/package-lock.json* ./
#33 CACHED

#34 [frontend stage-1 7/7] COPY deploy/nginx.conf /etc/nginx/conf.d/default.conf
#34 CACHED

#35 [api] exporting to image
#35 exporting layers done
#35 exporting manifest sha256:dcaed61804e734bbd12f15e5a5e5748b004725b3156dd2d432298ed9135d9715 done
#35 exporting config sha256:46de5f7b9602fad9f4f6ada592bb682881ba48d14e12323c27d6687d7a57afd6 done
#35 exporting attestation manifest sha256:83bf7948d6f527b94a3ffb04e97b28fba73df923208d2817a9492863f0329cdd 0.0s done
#35 exporting manifest list sha256:a939b856ef63169cf693209f509c33fd776b5cabc04692af18cfd3a1660d32d8 done
#35 naming to docker.io/library/deploy-api:latest done
#35 unpacking to docker.io/library/deploy-api:latest done
#35 DONE 0.1s

#36 [frontend] exporting to image
#36 exporting layers done
#36 exporting manifest sha256:0e6691b6f8997138d43dc6bb38ecaafd4be59aeeb3b6aa8e8ab99b9631a4667f done
#36 exporting config sha256:096a1a235ccdbab91f9d6282f81693115e676093c915d017f229f1c7ce3bd69f done
#36 exporting attestation manifest sha256:5e5da553ef431d8724d1ab4d46e09c78591886aafb55daff25a35fb61263682f 0.0s done
#36 exporting manifest list sha256:a153f8f1dcd8ceeccda76b5c11ec1a19a6bb702e3df3a8e1bb7fd68b610f7404 done
#36 naming to docker.io/library/deploy-frontend:latest done
#36 unpacking to docker.io/library/deploy-frontend:latest done
#36 DONE 0.1s

#37 [api] resolving provenance for metadata file
#37 DONE 0.0s

#38 [frontend] resolving provenance for metadata file
#38 DONE 0.0s
 deploy-api  Built
 deploy-frontend  Built
 Container deploy-db-1  Running
 Container deploy-api-1  Recreate
 Container deploy-api-1  Recreated
 Container deploy-frontend-1  Recreate
 Container deploy-frontend-1  Recreated
 Container deploy-db-1  Waiting
 Container deploy-db-1  Healthy
 Container deploy-api-1  Starting
 Container deploy-api-1  Started
 Container deploy-frontend-1  Starting
 Container deploy-frontend-1  Started
üå± Seeding database
time="2025-12-01T15:57:49-08:00" level=warning msg="/Users/taggertsmith/Desktop/Image_Tagger_3.4.74_handoff_bundle_full/Image_Tagger_3.4.74_vlm_lab_TL_runbook_full/deploy/docker-compose.yml: the attribute `version` is obsolete, it will be ignored, please remove it to avoid potential confusion"
Traceback (most recent call last):
  File "/app/backend/scripts/seed_tool_configs.py", line 6, in <module>
    from backend.database.core import SessionLocal, engine
ModuleNotFoundError: No module named 'backend'
time="2025-12-01T15:57:49-08:00" level=warning msg="/Users/taggertsmith/Desktop/Image_Tagger_3.4.74_handoff_bundle_full/Image_Tagger_3.4.74_vlm_lab_TL_runbook_full/deploy/docker-compose.yml: the attribute `version` is obsolete, it will be ignored, please remove it to avoid potential confusion"
Traceback (most recent call last):
  File "/app/backend/scripts/seed_attributes.py", line 24, in <module>
    from backend.database.core import SessionLocal, engine
ModuleNotFoundError: No module named 'backend'
‚úÖ SYSTEM ONLINE at http://localhost:8080
üß™ Running smoke tests (API + Science)
time="2025-12-01T15:57:49-08:00" level=warning msg="/Users/taggertsmith/Desktop/Image_Tagger_3.4.74_handoff_bundle_full/Image_Tagger_3.4.74_vlm_lab_TL_runbook_full/deploy/docker-compose.yml: the attribute `version` is obsolete, it will be ignored, please remove it to avoid potential confusion"
Traceback (most recent call last):
  File "/app/scripts/smoke_api.py", line 10, in <module>
    from backend.main import app
ModuleNotFoundError: No module named 'backend'
Running science smoke test (advisory)...
time="2025-12-01T15:57:50-08:00" level=warning msg="/Users/taggertsmith/Desktop/Image_Tagger_3.4.74_handoff_bundle_full/Image_Tagger_3.4.74_vlm_lab_TL_runbook_full/deploy/docker-compose.yml: the attribute `version` is obsolete, it will be ignored, please remove it to avoid potential confusion"
Traceback (most recent call last):
  File "/usr/local/lib/python3.11/site-packages/sqlalchemy/engine/base.py", line 1969, in _exec_single_context
    self.dialect.do_execute(
  File "/usr/local/lib/python3.11/site-packages/sqlalchemy/engine/default.py", line 922, in do_execute
    cursor.execute(statement, parameters)
psycopg2.errors.UndefinedTable: relation "images" does not exist
LINE 2: FROM images 
             ^


The above exception was the direct cause of the following exception:

Traceback (most recent call last):
  File "<frozen runpy>", line 198, in _run_module_as_main
  File "<frozen runpy>", line 88, in _run_code
  File "/app/scripts/smoke_science.py", line 83, in <module>
    sys.exit(main())
             ^^^^^^
  File "/app/scripts/smoke_science.py", line 70, in main
    image = _choose_image(session)
            ^^^^^^^^^^^^^^^^^^^^^^
  File "/app/scripts/smoke_science.py", line 33, in _choose_image
    image = session.query(Image).first()
            ^^^^^^^^^^^^^^^^^^^^^^^^^^^^
  File "/usr/local/lib/python3.11/site-packages/sqlalchemy/orm/query.py", line 2748, in first
    return self.limit(1)._iter().first()  # type: ignore
           ^^^^^^^^^^^^^^^^^^^^^
  File "/usr/local/lib/python3.11/site-packages/sqlalchemy/orm/query.py", line 2847, in _iter
    result: Union[ScalarResult[_T], Result[_T]] = self.session.execute(
                                                  ^^^^^^^^^^^^^^^^^^^^^
  File "/usr/local/lib/python3.11/site-packages/sqlalchemy/orm/session.py", line 2308, in execute
    return self._execute_internal(
           ^^^^^^^^^^^^^^^^^^^^^^^
  File "/usr/local/lib/python3.11/site-packages/sqlalchemy/orm/session.py", line 2190, in _execute_internal
    result: Result[Any] = compile_state_cls.orm_execute_statement(
                          ^^^^^^^^^^^^^^^^^^^^^^^^^^^^^^^^^^^^^^^^
  File "/usr/local/lib/python3.11/site-packages/sqlalchemy/orm/context.py", line 293, in orm_execute_statement
    result = conn.execute(
             ^^^^^^^^^^^^^
  File "/usr/local/lib/python3.11/site-packages/sqlalchemy/engine/base.py", line 1416, in execute
    return meth(
           ^^^^^
  File "/usr/local/lib/python3.11/site-packages/sqlalchemy/sql/elements.py", line 517, in _execute_on_connection
    return connection._execute_clauseelement(
           ^^^^^^^^^^^^^^^^^^^^^^^^^^^^^^^^^^
  File "/usr/local/lib/python3.11/site-packages/sqlalchemy/engine/base.py", line 1639, in _execute_clauseelement
    ret = self._execute_context(
          ^^^^^^^^^^^^^^^^^^^^^^
  File "/usr/local/lib/python3.11/site-packages/sqlalchemy/engine/base.py", line 1848, in _execute_context
    return self._exec_single_context(
           ^^^^^^^^^^^^^^^^^^^^^^^^^^
  File "/usr/local/lib/python3.11/site-packages/sqlalchemy/engine/base.py", line 1988, in _exec_single_context
    self._handle_dbapi_exception(
  File "/usr/local/lib/python3.11/site-packages/sqlalchemy/engine/base.py", line 2344, in _handle_dbapi_exception
    raise sqlalchemy_exception.with_traceback(exc_info[2]) from e
  File "/usr/local/lib/python3.11/site-packages/sqlalchemy/engine/base.py", line 1969, in _exec_single_context
    self.dialect.do_execute(
  File "/usr/local/lib/python3.11/site-packages/sqlalchemy/engine/default.py", line 922, in do_execute
    cursor.execute(statement, parameters)
sqlalchemy.exc.ProgrammingError: (psycopg2.errors.UndefinedTable) relation "images" does not exist
LINE 2: FROM images 
             ^

[SQL: SELECT images.id AS images_id, images.filename AS images_filename, images.storage_path AS images_storage_path, images.meta_data AS images_meta_data, images.upload_batch_id AS images_upload_batch_id, images.created_at AS images_created_at, images.updated_at AS images_updated_at 
FROM images 
 LIMIT %(param_1)s]
[parameters: {'param_1': 1}]
(Background on this error at: https://sqlalche.me/e/20/f405)
[install] WARNING: science smoketest failed (likely empty DB or misconfigured pipeline) ‚Äì continuing.
time="2025-12-01T15:57:51-08:00" level=warning msg="/Users/taggertsmith/Desktop/Image_Tagger_3.4.74_handoff_bundle_full/Image_Tagger_3.4.74_vlm_lab_TL_runbook_full/deploy/docker-compose.yml: the attribute `version` is obsolete, it will be ignored, please remove it to avoid potential confusion"
Traceback (most recent call last):
  File "/app/scripts/smoke_science.py", line 18, in <module>
    from backend.database.core import SessionLocal
ModuleNotFoundError: No module named 'backend'
[install] smoke_science (second pass) failed ‚Äì continuing as advisory.
[install] Running frontend smoketest...
INFO:__main__:playwright not installed; falling back to HTML-only check
INFO:__main__:Running frontend HTML smoke check against http://localhost:8080/
ERROR:__main__:Failed to reach frontend at http://localhost:8080/: HTTPConnectionPool(host='localhost', port=80): Max retries exceeded with url: /explorer/ (Caused by NewConnectionError('<urllib3.connection.HTTPConnection object at 0x1042efd10>: Failed to establish a new connection: [Errno 61] Connection refused'))
[install] Frontend smoketest failed
